Using pre-set license
Built from '2020.3/staging' branch; Version is '2020.3.25f1 (9b9180224418) revision 10195328'; Using compiler version '192528614'; Build Type 'Release'
OS: 'Windows 10  (10.0.19041) 64bit Education' Language: 'en' Physical Memory: 16333 MB
BatchMode: 1, IsHumanControllingUs: 0, StartBugReporterOnCrash: 0, Is64bit: 1, IsPro: 0

COMMAND LINE ARGUMENTS:
C:\Program Files\Unity\Hub\Editor\2020.3.25f1\Editor\Unity.exe
-adb2
-batchMode
-noUpm
-name
AssetImportWorker0
-projectPath
C:/Users/User/GraphicsProgrammingProject
-logFile
Logs/AssetImportWorker0.log
-srvPort
58721
Successfully changed project path to: C:/Users/User/GraphicsProgrammingProject
C:/Users/User/GraphicsProgrammingProject
Using Asset Import Pipeline V2.
Refreshing native plugins compatible for Editor in 30.59 ms, found 2 plugins.
Preloading 0 native plugins for Editor in 0.00 ms.
Initialize engine version: 2020.3.25f1 (9b9180224418)
[Subsystems] Discovering subsystems at path C:/Program Files/Unity/Hub/Editor/2020.3.25f1/Editor/Data/Resources/UnitySubsystems
[Subsystems] Discovering subsystems at path C:/Users/User/GraphicsProgrammingProject/Assets
GfxDevice: creating device client; threaded=0
Direct3D:
    Version:  Direct3D 11.0 [level 11.1]
    Renderer: NVIDIA GeForce GTX 1660 Ti (ID=0x2182)
    Vendor:   
    VRAM:     5991 MB
    Driver:   30.0.14.9709
Initialize mono
Mono path[0] = 'C:/Program Files/Unity/Hub/Editor/2020.3.25f1/Editor/Data/Managed'
Mono path[1] = 'C:/Program Files/Unity/Hub/Editor/2020.3.25f1/Editor/Data/MonoBleedingEdge/lib/mono/unityjit'
Mono config path = 'C:/Program Files/Unity/Hub/Editor/2020.3.25f1/Editor/Data/MonoBleedingEdge/etc'
Using monoOptions --debugger-agent=transport=dt_socket,embedding=1,server=y,suspend=n,address=127.0.0.1:56920
Begin MonoManager ReloadAssembly
Registering precompiled unity dll's ...
Register platform support module: C:/Program Files/Unity/Hub/Editor/2020.3.25f1/Editor/Data/PlaybackEngines/WindowsStandaloneSupport/UnityEditor.WindowsStandalone.Extensions.dll
Registered in 0.001620 seconds.
Native extension for WindowsStandalone target not found
Refreshing native plugins compatible for Editor in 30.08 ms, found 2 plugins.
Preloading 0 native plugins for Editor in 0.00 ms.
Mono: successfully reloaded assembly
- Completed reload, in  0.465 seconds
Domain Reload Profiling:
	ReloadAssembly (465ms)
		BeginReloadAssembly (50ms)
			ExecutionOrderSort (0ms)
			DisableScriptedObjects (0ms)
			BackupInstance (0ms)
			ReleaseScriptingObjects (0ms)
			CreateAndSetChildDomain (1ms)
		EndReloadAssembly (353ms)
			LoadAssemblies (48ms)
			RebuildTransferFunctionScriptingTraits (0ms)
			SetupTypeCache (120ms)
			ReleaseScriptCaches (0ms)
			RebuildScriptCaches (25ms)
			SetupLoadedEditorAssemblies (130ms)
				LogAssemblyErrors (0ms)
				InitializePlatformSupportModulesInManaged (4ms)
				SetLoadedEditorAssemblies (0ms)
				RefreshPlugins (30ms)
				BeforeProcessingInitializeOnLoad (7ms)
				ProcessInitializeOnLoadAttributes (67ms)
				ProcessInitializeOnLoadMethodAttributes (23ms)
				AfterProcessingInitializeOnLoad (0ms)
				EditorAssembliesLoaded (0ms)
			ExecutionOrderSort2 (0ms)
			AwakeInstancesAfterBackupRestoration (0ms)
Platform modules already initialized, skipping
Registering precompiled user dll's ...
Registered in 0.003468 seconds.
Begin MonoManager ReloadAssembly
OnLevelWasLoaded was found on MusicManager
This message has been deprecated and will be removed in a later version of Unity.
Add a delegate to SceneManager.sceneLoaded instead to get notifications after scene loading has completed
OnLevelWasLoaded was found on AudioManager
This message has been deprecated and will be removed in a later version of Unity.
Add a delegate to SceneManager.sceneLoaded instead to get notifications after scene loading has completed
Native extension for WindowsStandalone target not found
Refreshing native plugins compatible for Editor in 0.39 ms, found 2 plugins.
Preloading 0 native plugins for Editor in 0.00 ms.
Mono: successfully reloaded assembly
- Completed reload, in  0.803 seconds
Domain Reload Profiling:
	ReloadAssembly (804ms)
		BeginReloadAssembly (121ms)
			ExecutionOrderSort (0ms)
			DisableScriptedObjects (4ms)
			BackupInstance (0ms)
			ReleaseScriptingObjects (0ms)
			CreateAndSetChildDomain (15ms)
		EndReloadAssembly (627ms)
			LoadAssemblies (73ms)
			RebuildTransferFunctionScriptingTraits (0ms)
			SetupTypeCache (226ms)
			ReleaseScriptCaches (0ms)
			RebuildScriptCaches (36ms)
			SetupLoadedEditorAssemblies (224ms)
				LogAssemblyErrors (0ms)
				InitializePlatformSupportModulesInManaged (3ms)
				SetLoadedEditorAssemblies (0ms)
				RefreshPlugins (0ms)
				BeforeProcessingInitializeOnLoad (44ms)
				ProcessInitializeOnLoadAttributes (162ms)
				ProcessInitializeOnLoadMethodAttributes (7ms)
				AfterProcessingInitializeOnLoad (5ms)
				EditorAssembliesLoaded (0ms)
			ExecutionOrderSort2 (0ms)
			AwakeInstancesAfterBackupRestoration (5ms)
Platform modules already initialized, skipping
========================================================================
Worker process is ready to serve import requests
Launched and connected shader compiler UnityShaderCompiler.exe after 0.04 seconds
Refreshing native plugins compatible for Editor in 0.36 ms, found 2 plugins.
Preloading 0 native plugins for Editor in 0.00 ms.
Unloading 1685 Unused Serialized files (Serialized files now loaded: 0)
System memory in use before: 179.1 MB.
System memory in use after: 179.2 MB.

Unloading 18 unused Assets to reduce memory usage. Loaded Objects now: 2144.
Total: 2.434900 ms (FindLiveObjects: 0.130500 ms CreateObjectMapping: 0.036400 ms MarkObjects: 2.251500 ms  DeleteObjects: 0.015600 ms)

AssetImportParameters requested are different than current active one (requested -> active):
  custom:framework-win-MediaFoundation: 216162199b28c13a410421893ffa2e32 -> 
  custom:video-decoder-ogg-theora: a1e56fd34408186e4bbccfd4996cb3dc -> 
  custom:container-muxer-webm: aa71ff27fc2769a1b78a27578f13a17b -> 
  custom:container-demuxer-webm: 4f35f7cbe854078d1ac9338744f61a02 -> 
  custom:container-demuxer-ogg: 62fdf1f143b41e24485cea50d1cbac27 -> 
  custom:video-encoder-webm-vp8: eb34c28f22e8b96e1ab97ce403110664 -> 
  custom:video-decoder-webm-vp8: 9c59270c3fd7afecdb556c50c9e8de78 -> 
  custom:audio-decoder-ogg-vorbis: bf7c407c2cedff20999df2af8eb42d56 -> 
  custom:audio-encoder-webm-vorbis: bf7c407c2cedff20999df2af8eb42d56 -> 
========================================================================
Received Import Request.
  path: Assets/Scenes/Game.unity
  artifactKey: Guid(73a53fdbaed42ef42b25751f8fd86fb3) Importer(815301076,1909f56bfc062723c751e8b465ee728b)
Start importing Assets/Scenes/Game.unity using Guid(73a53fdbaed42ef42b25751f8fd86fb3) Importer(815301076,1909f56bfc062723c751e8b465ee728b)  -> (artifact id: '803636af18124e7f21d5550881b86d00') in 0.014453 seconds 
  Import took 0.016720 seconds .

========================================================================
Received Prepare
Registering precompiled user dll's ...
Registered in 0.003432 seconds.
Begin MonoManager ReloadAssembly
Native extension for WindowsStandalone target not found
Refreshing native plugins compatible for Editor in 0.37 ms, found 2 plugins.
Preloading 0 native plugins for Editor in 0.00 ms.
Mono: successfully reloaded assembly
- Completed reload, in  0.749 seconds
Domain Reload Profiling:
	ReloadAssembly (750ms)
		BeginReloadAssembly (97ms)
			ExecutionOrderSort (0ms)
			DisableScriptedObjects (4ms)
			BackupInstance (0ms)
			ReleaseScriptingObjects (0ms)
			CreateAndSetChildDomain (25ms)
		EndReloadAssembly (601ms)
			LoadAssemblies (69ms)
			RebuildTransferFunctionScriptingTraits (0ms)
			SetupTypeCache (223ms)
			ReleaseScriptCaches (1ms)
			RebuildScriptCaches (30ms)
			SetupLoadedEditorAssemblies (207ms)
				LogAssemblyErrors (0ms)
				InitializePlatformSupportModulesInManaged (3ms)
				SetLoadedEditorAssemblies (0ms)
				RefreshPlugins (0ms)
				BeforeProcessingInitializeOnLoad (41ms)
				ProcessInitializeOnLoadAttributes (150ms)
				ProcessInitializeOnLoadMethodAttributes (7ms)
				AfterProcessingInitializeOnLoad (5ms)
				EditorAssembliesLoaded (0ms)
			ExecutionOrderSort2 (0ms)
			AwakeInstancesAfterBackupRestoration (5ms)
Platform modules already initialized, skipping
OnLevelWasLoaded was found on AudioManager
This message has been deprecated and will be removed in a later version of Unity.
Add a delegate to SceneManager.sceneLoaded instead to get notifications after scene loading has completed
OnLevelWasLoaded was found on MusicManager
This message has been deprecated and will be removed in a later version of Unity.
Add a delegate to SceneManager.sceneLoaded instead to get notifications after scene loading has completed
Refreshing native plugins compatible for Editor in 0.37 ms, found 2 plugins.
Preloading 0 native plugins for Editor in 0.00 ms.
Unloading 1601 Unused Serialized files (Serialized files now loaded: 0)
System memory in use before: 171.1 MB.
System memory in use after: 171.2 MB.

Unloading 14 unused Assets to reduce memory usage. Loaded Objects now: 2146.
Total: 2.409500 ms (FindLiveObjects: 0.131100 ms CreateObjectMapping: 0.037300 ms MarkObjects: 2.226700 ms  DeleteObjects: 0.013500 ms)

AssetImportParameters requested are different than current active one (requested -> active):
  custom:framework-win-MediaFoundation: 216162199b28c13a410421893ffa2e32 -> 
  custom:video-decoder-ogg-theora: a1e56fd34408186e4bbccfd4996cb3dc -> 
  custom:container-muxer-webm: aa71ff27fc2769a1b78a27578f13a17b -> 
  custom:container-demuxer-webm: 4f35f7cbe854078d1ac9338744f61a02 -> 
  custom:container-demuxer-ogg: 62fdf1f143b41e24485cea50d1cbac27 -> 
  custom:video-encoder-webm-vp8: eb34c28f22e8b96e1ab97ce403110664 -> 
  custom:video-decoder-webm-vp8: 9c59270c3fd7afecdb556c50c9e8de78 -> 
  custom:audio-decoder-ogg-vorbis: bf7c407c2cedff20999df2af8eb42d56 -> 
  custom:audio-encoder-webm-vorbis: bf7c407c2cedff20999df2af8eb42d56 -> 
========================================================================
Received Prepare
Refreshing native plugins compatible for Editor in 2.53 ms, found 2 plugins.
Preloading 0 native plugins for Editor in 0.00 ms.
Unloading 12 Unused Serialized files (Serialized files now loaded: 0)
System memory in use before: 139.7 MB.
System memory in use after: 139.8 MB.

Unloading 12 unused Assets to reduce memory usage. Loaded Objects now: 2146.
Total: 2.567900 ms (FindLiveObjects: 0.144600 ms CreateObjectMapping: 0.038700 ms MarkObjects: 2.376500 ms  DeleteObjects: 0.007500 ms)

AssetImportParameters requested are different than current active one (requested -> active):
  custom:framework-win-MediaFoundation: 216162199b28c13a410421893ffa2e32 -> 
  custom:video-decoder-ogg-theora: a1e56fd34408186e4bbccfd4996cb3dc -> 
  custom:container-muxer-webm: aa71ff27fc2769a1b78a27578f13a17b -> 
  custom:container-demuxer-webm: 4f35f7cbe854078d1ac9338744f61a02 -> 
  custom:container-demuxer-ogg: 62fdf1f143b41e24485cea50d1cbac27 -> 
  custom:video-encoder-webm-vp8: eb34c28f22e8b96e1ab97ce403110664 -> 
  custom:video-decoder-webm-vp8: 9c59270c3fd7afecdb556c50c9e8de78 -> 
  custom:audio-decoder-ogg-vorbis: bf7c407c2cedff20999df2af8eb42d56 -> 
  custom:audio-encoder-webm-vorbis: bf7c407c2cedff20999df2af8eb42d56 -> 
========================================================================
Received Import Request.
  Time since last request: 567.427221 seconds.
  path: Assets/Prefabs/EnemyDeathEffect.prefab
  artifactKey: Guid(1593f33c90c293149a9e0d45f041a2c0) Importer(815301076,1909f56bfc062723c751e8b465ee728b)
Start importing Assets/Prefabs/EnemyDeathEffect.prefab using Guid(1593f33c90c293149a9e0d45f041a2c0) Importer(815301076,1909f56bfc062723c751e8b465ee728b)  -> (artifact id: 'a14b1357fd48d58e62eb9917a9cc740e') in 0.091653 seconds 
  Import took 0.094379 seconds .

========================================================================
Received Import Request.
  Time since last request: 439.137999 seconds.
  path: Assets/Scripts/AudioManager.cs
  artifactKey: Guid(35c218703193ec647abc485af18226a1) Importer(815301076,1909f56bfc062723c751e8b465ee728b)
Start importing Assets/Scripts/AudioManager.cs using Guid(35c218703193ec647abc485af18226a1) Importer(815301076,1909f56bfc062723c751e8b465ee728b)  -> (artifact id: '5f8c6af23a359bdafc414f01f73b439a') in 0.007350 seconds 
  Import took 0.009986 seconds .

========================================================================
Received Import Request.
  Time since last request: 13.454649 seconds.
  path: Assets/Scenes/Menu.unity
  artifactKey: Guid(442e4172d8fd8d9478f056a45e2e50e4) Importer(815301076,1909f56bfc062723c751e8b465ee728b)
Start importing Assets/Scenes/Menu.unity using Guid(442e4172d8fd8d9478f056a45e2e50e4) Importer(815301076,1909f56bfc062723c751e8b465ee728b)  -> (artifact id: '1331548e5c93c353a34a7674596d159b') in 0.007392 seconds 
  Import took 0.009878 seconds .

========================================================================
Received Prepare
Refreshing native plugins compatible for Editor in 2.86 ms, found 2 plugins.
Preloading 0 native plugins for Editor in 0.00 ms.
Unloading 12 Unused Serialized files (Serialized files now loaded: 0)
System memory in use before: 143.1 MB.
System memory in use after: 143.2 MB.

Unloading 12 unused Assets to reduce memory usage. Loaded Objects now: 2154.
Total: 3.123700 ms (FindLiveObjects: 0.156700 ms CreateObjectMapping: 0.039400 ms MarkObjects: 2.914900 ms  DeleteObjects: 0.011900 ms)

AssetImportParameters requested are different than current active one (requested -> active):
  custom:framework-win-MediaFoundation: 216162199b28c13a410421893ffa2e32 -> 
  custom:video-decoder-ogg-theora: a1e56fd34408186e4bbccfd4996cb3dc -> 
  custom:container-muxer-webm: aa71ff27fc2769a1b78a27578f13a17b -> 
  custom:container-demuxer-webm: 4f35f7cbe854078d1ac9338744f61a02 -> 
  custom:container-demuxer-ogg: 62fdf1f143b41e24485cea50d1cbac27 -> 
  custom:video-encoder-webm-vp8: eb34c28f22e8b96e1ab97ce403110664 -> 
  custom:video-decoder-webm-vp8: 9c59270c3fd7afecdb556c50c9e8de78 -> 
  custom:audio-decoder-ogg-vorbis: bf7c407c2cedff20999df2af8eb42d56 -> 
  custom:audio-encoder-webm-vorbis: bf7c407c2cedff20999df2af8eb42d56 -> 
========================================================================
Received Prepare
Registering precompiled user dll's ...
Registered in 0.003267 seconds.
Begin MonoManager ReloadAssembly
Native extension for WindowsStandalone target not found
Refreshing native plugins compatible for Editor in 0.44 ms, found 2 plugins.
Preloading 0 native plugins for Editor in 0.00 ms.
Mono: successfully reloaded assembly
- Completed reload, in  0.738 seconds
Domain Reload Profiling:
	ReloadAssembly (739ms)
		BeginReloadAssembly (88ms)
			ExecutionOrderSort (0ms)
			DisableScriptedObjects (3ms)
			BackupInstance (0ms)
			ReleaseScriptingObjects (0ms)
			CreateAndSetChildDomain (26ms)
		EndReloadAssembly (599ms)
			LoadAssemblies (70ms)
			RebuildTransferFunctionScriptingTraits (0ms)
			SetupTypeCache (215ms)
			ReleaseScriptCaches (1ms)
			RebuildScriptCaches (30ms)
			SetupLoadedEditorAssemblies (214ms)
				LogAssemblyErrors (0ms)
				InitializePlatformSupportModulesInManaged (3ms)
				SetLoadedEditorAssemblies (0ms)
				RefreshPlugins (0ms)
				BeforeProcessingInitializeOnLoad (43ms)
				ProcessInitializeOnLoadAttributes (154ms)
				ProcessInitializeOnLoadMethodAttributes (7ms)
				AfterProcessingInitializeOnLoad (5ms)
				EditorAssembliesLoaded (0ms)
			ExecutionOrderSort2 (0ms)
			AwakeInstancesAfterBackupRestoration (5ms)
Platform modules already initialized, skipping
OnLevelWasLoaded was found on AudioManager
This message has been deprecated and will be removed in a later version of Unity.
Add a delegate to SceneManager.sceneLoaded instead to get notifications after scene loading has completed
OnLevelWasLoaded was found on MusicManager
This message has been deprecated and will be removed in a later version of Unity.
Add a delegate to SceneManager.sceneLoaded instead to get notifications after scene loading has completed
Refreshing native plugins compatible for Editor in 0.36 ms, found 2 plugins.
Preloading 0 native plugins for Editor in 0.00 ms.
Unloading 1601 Unused Serialized files (Serialized files now loaded: 0)
System memory in use before: 174.3 MB.
System memory in use after: 174.4 MB.

Unloading 14 unused Assets to reduce memory usage. Loaded Objects now: 2156.
Total: 2.818400 ms (FindLiveObjects: 0.176800 ms CreateObjectMapping: 0.038100 ms MarkObjects: 2.588200 ms  DeleteObjects: 0.014300 ms)

AssetImportParameters requested are different than current active one (requested -> active):
  custom:framework-win-MediaFoundation: 216162199b28c13a410421893ffa2e32 -> 
  custom:video-decoder-ogg-theora: a1e56fd34408186e4bbccfd4996cb3dc -> 
  custom:container-muxer-webm: aa71ff27fc2769a1b78a27578f13a17b -> 
  custom:container-demuxer-webm: 4f35f7cbe854078d1ac9338744f61a02 -> 
  custom:container-demuxer-ogg: 62fdf1f143b41e24485cea50d1cbac27 -> 
  custom:video-encoder-webm-vp8: eb34c28f22e8b96e1ab97ce403110664 -> 
  custom:video-decoder-webm-vp8: 9c59270c3fd7afecdb556c50c9e8de78 -> 
  custom:audio-decoder-ogg-vorbis: bf7c407c2cedff20999df2af8eb42d56 -> 
  custom:audio-encoder-webm-vorbis: bf7c407c2cedff20999df2af8eb42d56 -> 
========================================================================
Received Prepare
Refreshing native plugins compatible for Editor in 2.64 ms, found 2 plugins.
Preloading 0 native plugins for Editor in 0.00 ms.
Unloading 12 Unused Serialized files (Serialized files now loaded: 0)
System memory in use before: 142.8 MB.
System memory in use after: 142.9 MB.

Unloading 12 unused Assets to reduce memory usage. Loaded Objects now: 2156.
Total: 2.524800 ms (FindLiveObjects: 0.164700 ms CreateObjectMapping: 0.037100 ms MarkObjects: 2.313900 ms  DeleteObjects: 0.008500 ms)

AssetImportParameters requested are different than current active one (requested -> active):
  custom:framework-win-MediaFoundation: 216162199b28c13a410421893ffa2e32 -> 
  custom:video-decoder-ogg-theora: a1e56fd34408186e4bbccfd4996cb3dc -> 
  custom:container-muxer-webm: aa71ff27fc2769a1b78a27578f13a17b -> 
  custom:container-demuxer-webm: 4f35f7cbe854078d1ac9338744f61a02 -> 
  custom:container-demuxer-ogg: 62fdf1f143b41e24485cea50d1cbac27 -> 
  custom:video-encoder-webm-vp8: eb34c28f22e8b96e1ab97ce403110664 -> 
  custom:video-decoder-webm-vp8: 9c59270c3fd7afecdb556c50c9e8de78 -> 
  custom:audio-decoder-ogg-vorbis: bf7c407c2cedff20999df2af8eb42d56 -> 
  custom:audio-encoder-webm-vorbis: bf7c407c2cedff20999df2af8eb42d56 -> 
========================================================================
Received Import Request.
  Time since last request: 587.801405 seconds.
  path: Assets/Prefabs/EnemyDeathEffect.prefab
  artifactKey: Guid(1593f33c90c293149a9e0d45f041a2c0) Importer(815301076,1909f56bfc062723c751e8b465ee728b)
Start importing Assets/Prefabs/EnemyDeathEffect.prefab using Guid(1593f33c90c293149a9e0d45f041a2c0) Importer(815301076,1909f56bfc062723c751e8b465ee728b)  -> (artifact id: '9498f87fea9086fb16520404745ae073') in 0.061833 seconds 
  Import took 0.064627 seconds .

========================================================================
Received Prepare
Registering precompiled user dll's ...
Registered in 0.003388 seconds.
Begin MonoManager ReloadAssembly
Native extension for WindowsStandalone target not found
Refreshing native plugins compatible for Editor in 0.36 ms, found 2 plugins.
Preloading 0 native plugins for Editor in 0.00 ms.
Mono: successfully reloaded assembly
- Completed reload, in  0.752 seconds
Domain Reload Profiling:
	ReloadAssembly (753ms)
		BeginReloadAssembly (104ms)
			ExecutionOrderSort (0ms)
			DisableScriptedObjects (3ms)
			BackupInstance (0ms)
			ReleaseScriptingObjects (0ms)
			CreateAndSetChildDomain (28ms)
		EndReloadAssembly (596ms)
			LoadAssemblies (75ms)
			RebuildTransferFunctionScriptingTraits (0ms)
			SetupTypeCache (214ms)
			ReleaseScriptCaches (1ms)
			RebuildScriptCaches (31ms)
			SetupLoadedEditorAssemblies (209ms)
				LogAssemblyErrors (0ms)
				InitializePlatformSupportModulesInManaged (3ms)
				SetLoadedEditorAssemblies (0ms)
				RefreshPlugins (0ms)
				BeforeProcessingInitializeOnLoad (41ms)
				ProcessInitializeOnLoadAttributes (152ms)
				ProcessInitializeOnLoadMethodAttributes (7ms)
				AfterProcessingInitializeOnLoad (5ms)
				EditorAssembliesLoaded (0ms)
			ExecutionOrderSort2 (0ms)
			AwakeInstancesAfterBackupRestoration (5ms)
Platform modules already initialized, skipping
OnLevelWasLoaded was found on AudioManager
This message has been deprecated and will be removed in a later version of Unity.
Add a delegate to SceneManager.sceneLoaded instead to get notifications after scene loading has completed
OnLevelWasLoaded was found on MusicManager
This message has been deprecated and will be removed in a later version of Unity.
Add a delegate to SceneManager.sceneLoaded instead to get notifications after scene loading has completed
Refreshing native plugins compatible for Editor in 0.37 ms, found 2 plugins.
Preloading 0 native plugins for Editor in 0.00 ms.
Unloading 1601 Unused Serialized files (Serialized files now loaded: 0)
System memory in use before: 174.3 MB.
System memory in use after: 174.4 MB.

Unloading 14 unused Assets to reduce memory usage. Loaded Objects now: 2159.
Total: 2.402800 ms (FindLiveObjects: 0.130200 ms CreateObjectMapping: 0.037200 ms MarkObjects: 2.222500 ms  DeleteObjects: 0.011700 ms)

AssetImportParameters requested are different than current active one (requested -> active):
  custom:framework-win-MediaFoundation: 216162199b28c13a410421893ffa2e32 -> 
  custom:video-decoder-ogg-theora: a1e56fd34408186e4bbccfd4996cb3dc -> 
  custom:container-muxer-webm: aa71ff27fc2769a1b78a27578f13a17b -> 
  custom:container-demuxer-webm: 4f35f7cbe854078d1ac9338744f61a02 -> 
  custom:container-demuxer-ogg: 62fdf1f143b41e24485cea50d1cbac27 -> 
  custom:video-encoder-webm-vp8: eb34c28f22e8b96e1ab97ce403110664 -> 
  custom:video-decoder-webm-vp8: 9c59270c3fd7afecdb556c50c9e8de78 -> 
  custom:audio-decoder-ogg-vorbis: bf7c407c2cedff20999df2af8eb42d56 -> 
  custom:audio-encoder-webm-vorbis: bf7c407c2cedff20999df2af8eb42d56 -> 
========================================================================
Received Prepare
Registering precompiled user dll's ...
Registered in 0.003696 seconds.
Begin MonoManager ReloadAssembly
Native extension for WindowsStandalone target not found
Refreshing native plugins compatible for Editor in 0.37 ms, found 2 plugins.
Preloading 0 native plugins for Editor in 0.00 ms.
Mono: successfully reloaded assembly
- Completed reload, in  0.737 seconds
Domain Reload Profiling:
	ReloadAssembly (737ms)
		BeginReloadAssembly (91ms)
			ExecutionOrderSort (0ms)
			DisableScriptedObjects (4ms)
			BackupInstance (0ms)
			ReleaseScriptingObjects (0ms)
			CreateAndSetChildDomain (25ms)
		EndReloadAssembly (593ms)
			LoadAssemblies (70ms)
			RebuildTransferFunctionScriptingTraits (0ms)
			SetupTypeCache (214ms)
			ReleaseScriptCaches (1ms)
			RebuildScriptCaches (30ms)
			SetupLoadedEditorAssemblies (207ms)
				LogAssemblyErrors (0ms)
				InitializePlatformSupportModulesInManaged (3ms)
				SetLoadedEditorAssemblies (0ms)
				RefreshPlugins (0ms)
				BeforeProcessingInitializeOnLoad (41ms)
				ProcessInitializeOnLoadAttributes (150ms)
				ProcessInitializeOnLoadMethodAttributes (7ms)
				AfterProcessingInitializeOnLoad (5ms)
				EditorAssembliesLoaded (0ms)
			ExecutionOrderSort2 (0ms)
			AwakeInstancesAfterBackupRestoration (5ms)
Platform modules already initialized, skipping
OnLevelWasLoaded was found on AudioManager
This message has been deprecated and will be removed in a later version of Unity.
Add a delegate to SceneManager.sceneLoaded instead to get notifications after scene loading has completed
OnLevelWasLoaded was found on MusicManager
This message has been deprecated and will be removed in a later version of Unity.
Add a delegate to SceneManager.sceneLoaded instead to get notifications after scene loading has completed
Refreshing native plugins compatible for Editor in 0.38 ms, found 2 plugins.
Preloading 0 native plugins for Editor in 0.00 ms.
Unloading 1601 Unused Serialized files (Serialized files now loaded: 0)
System memory in use before: 174.3 MB.
System memory in use after: 174.4 MB.

Unloading 14 unused Assets to reduce memory usage. Loaded Objects now: 2161.
Total: 2.414500 ms (FindLiveObjects: 0.124200 ms CreateObjectMapping: 0.035800 ms MarkObjects: 2.242200 ms  DeleteObjects: 0.011700 ms)

AssetImportParameters requested are different than current active one (requested -> active):
  custom:framework-win-MediaFoundation: 216162199b28c13a410421893ffa2e32 -> 
  custom:video-decoder-ogg-theora: a1e56fd34408186e4bbccfd4996cb3dc -> 
  custom:container-muxer-webm: aa71ff27fc2769a1b78a27578f13a17b -> 
  custom:container-demuxer-webm: 4f35f7cbe854078d1ac9338744f61a02 -> 
  custom:container-demuxer-ogg: 62fdf1f143b41e24485cea50d1cbac27 -> 
  custom:video-encoder-webm-vp8: eb34c28f22e8b96e1ab97ce403110664 -> 
  custom:video-decoder-webm-vp8: 9c59270c3fd7afecdb556c50c9e8de78 -> 
  custom:audio-decoder-ogg-vorbis: bf7c407c2cedff20999df2af8eb42d56 -> 
  custom:audio-encoder-webm-vorbis: bf7c407c2cedff20999df2af8eb42d56 -> 
========================================================================
Received Import Request.
  Time since last request: 1348.598349 seconds.
  path: Assets/Standard Assets/Effects/ImageEffects/Scripts/VignetteAndChromaticAberration.cs
  artifactKey: Guid(dd6d4281e5d7cd44d8c6e38bc2c1b8d8) Importer(815301076,1909f56bfc062723c751e8b465ee728b)
Start importing Assets/Standard Assets/Effects/ImageEffects/Scripts/VignetteAndChromaticAberration.cs using Guid(dd6d4281e5d7cd44d8c6e38bc2c1b8d8) Importer(815301076,1909f56bfc062723c751e8b465ee728b)  -> (artifact id: '75a68471e6a556a5fd225371759ff7fc') in 0.007777 seconds 
  Import took 0.010490 seconds .

========================================================================
Received Import Request.
  Time since last request: 0.017982 seconds.
  path: Assets/Standard Assets/Effects/ImageEffects/Scripts/ScreenOverlay.cs
  artifactKey: Guid(6f19108706fdce9469603d07980eb8ad) Importer(815301076,1909f56bfc062723c751e8b465ee728b)
Start importing Assets/Standard Assets/Effects/ImageEffects/Scripts/ScreenOverlay.cs using Guid(6f19108706fdce9469603d07980eb8ad) Importer(815301076,1909f56bfc062723c751e8b465ee728b)  -> (artifact id: '01017a4442f6dba842c56cff0787dd0a') in 0.006132 seconds 
  Import took 0.008677 seconds .

========================================================================
Received Import Request.
  Time since last request: 0.021947 seconds.
  path: Assets/Standard Assets/Effects/ImageEffects/Scripts/Twirl.cs
  artifactKey: Guid(bdda781cad112c75d0008dfa8d76c639) Importer(815301076,1909f56bfc062723c751e8b465ee728b)
Start importing Assets/Standard Assets/Effects/ImageEffects/Scripts/Twirl.cs using Guid(bdda781cad112c75d0008dfa8d76c639) Importer(815301076,1909f56bfc062723c751e8b465ee728b)  -> (artifact id: 'eb3f48c5b5cf348b3c35ae5f25b00144') in 0.004783 seconds 
  Import took 0.007214 seconds .

========================================================================
Received Import Request.
  Time since last request: 0.012335 seconds.
  path: Assets/Standard Assets/Effects/ImageEffects/Scripts/ScreenSpaceAmbientObscurance.cs
  artifactKey: Guid(75febd242c999f04d9654522a10c006b) Importer(815301076,1909f56bfc062723c751e8b465ee728b)
Start importing Assets/Standard Assets/Effects/ImageEffects/Scripts/ScreenSpaceAmbientObscurance.cs using Guid(75febd242c999f04d9654522a10c006b) Importer(815301076,1909f56bfc062723c751e8b465ee728b)  -> (artifact id: 'b4ffd36f48deb5a50650cc65550dd811') in 0.005420 seconds 
  Import took 0.007811 seconds .

========================================================================
Received Import Request.
  Time since last request: 0.024740 seconds.
  path: Assets/Standard Assets/Effects/ImageEffects/Shaders/frag_ao.cginc
  artifactKey: Guid(51ae11a5cd82fda468a85179946d672a) Importer(815301076,1909f56bfc062723c751e8b465ee728b)
Start importing Assets/Standard Assets/Effects/ImageEffects/Shaders/frag_ao.cginc using Guid(51ae11a5cd82fda468a85179946d672a) Importer(815301076,1909f56bfc062723c751e8b465ee728b)  -> (artifact id: '9e96d9a843476401967e4e95b644f807') in 0.025541 seconds 
  Import took 0.027909 seconds .

========================================================================
Received Import Request.
  Time since last request: 0.028592 seconds.
  path: Assets/Standard Assets/Effects/ImageEffects/Scripts/ImageEffectBase.cs
  artifactKey: Guid(f6469eb0ad1119d6d00011d98d76c639) Importer(815301076,1909f56bfc062723c751e8b465ee728b)
Start importing Assets/Standard Assets/Effects/ImageEffects/Scripts/ImageEffectBase.cs using Guid(f6469eb0ad1119d6d00011d98d76c639) Importer(815301076,1909f56bfc062723c751e8b465ee728b)  -> (artifact id: '637bc1e523dc571b58a2289629559450') in 0.004433 seconds 
  Import took 0.006550 seconds .

========================================================================
Received Import Request.
  Time since last request: 0.021507 seconds.
  path: Assets/Standard Assets/Effects/ImageEffects/Shaders/TwirlEffect.shader
  artifactKey: Guid(641b781cad112c75d0008dfa8d76c639) Importer(815301076,1909f56bfc062723c751e8b465ee728b)
Start importing Assets/Standard Assets/Effects/ImageEffects/Shaders/TwirlEffect.shader using Guid(641b781cad112c75d0008dfa8d76c639) Importer(815301076,1909f56bfc062723c751e8b465ee728b)  -> (artifact id: '4e04b329a98d6bfaf848f2f1684c2454') in 0.005694 seconds 
  Import took 0.008011 seconds .

========================================================================
Received Import Request.
  Time since last request: 0.032584 seconds.
  path: Assets/Standard Assets/Effects/ImageEffects/Shaders/ScreenSpaceAmbientObscurance.shader
  artifactKey: Guid(95616c020c5604dda96cf76afbbc0272) Importer(815301076,1909f56bfc062723c751e8b465ee728b)
Start importing Assets/Standard Assets/Effects/ImageEffects/Shaders/ScreenSpaceAmbientObscurance.shader using Guid(95616c020c5604dda96cf76afbbc0272) Importer(815301076,1909f56bfc062723c751e8b465ee728b)  -> (artifact id: '99c8576ad9a47f2c52c3ca97df496195') in 0.001953 seconds 
  Import took 0.004186 seconds .

========================================================================
Received Import Request.
  Time since last request: 0.008405 seconds.
  path: Assets/Scenes/Game/ReflectionProbe-0.exr
  artifactKey: Guid(ceb90d8548c6bcd4ba50987086ba4f46) Importer(815301076,1909f56bfc062723c751e8b465ee728b)
Start importing Assets/Scenes/Game/ReflectionProbe-0.exr using Guid(ceb90d8548c6bcd4ba50987086ba4f46) Importer(815301076,1909f56bfc062723c751e8b465ee728b)  -> (artifact id: '853778e58261ebce58c7988b88b788ab') in 0.043499 seconds 
  Import took 0.045872 seconds .

========================================================================
Received Import Request.
  Time since last request: 0.017171 seconds.
  path: Assets/Standard Assets/Effects/ImageEffects/Shaders/SSAOShader.shader
  artifactKey: Guid(43ca18288c424f645aaa1e9e07f04c50) Importer(815301076,1909f56bfc062723c751e8b465ee728b)
Start importing Assets/Standard Assets/Effects/ImageEffects/Shaders/SSAOShader.shader using Guid(43ca18288c424f645aaa1e9e07f04c50) Importer(815301076,1909f56bfc062723c751e8b465ee728b)  -> (artifact id: 'ec74da9eddfd1494fb4e79db7ffa4dc7') in 0.004771 seconds 
  Import took 0.006982 seconds .

========================================================================
Received Import Request.
  Time since last request: 0.029185 seconds.
  path: Assets/Scenes/Game/LightingData.asset
  artifactKey: Guid(c846cce3cd6a1ba4c85574236127c48c) Importer(815301076,1909f56bfc062723c751e8b465ee728b)
Start importing Assets/Scenes/Game/LightingData.asset using Guid(c846cce3cd6a1ba4c85574236127c48c) Importer(815301076,1909f56bfc062723c751e8b465ee728b)  -> (artifact id: 'd744abf711408f33be3b3a4b858a93f3') in 0.006232 seconds 
  Import took 0.008531 seconds .

========================================================================
Received Import Request.
  Time since last request: 0.016407 seconds.
  path: Assets/Standard Assets/Effects/ImageEffects/Shaders/VignettingShader.shader
  artifactKey: Guid(627943dc7a9a74286b70a4f694a0acd5) Importer(815301076,1909f56bfc062723c751e8b465ee728b)
Start importing Assets/Standard Assets/Effects/ImageEffects/Shaders/VignettingShader.shader using Guid(627943dc7a9a74286b70a4f694a0acd5) Importer(815301076,1909f56bfc062723c751e8b465ee728b)  -> (artifact id: 'd26be6c7c146f572d65913798a9114f0') in 0.005157 seconds 
  Import took 0.007604 seconds .

========================================================================
Received Import Request.
  Time since last request: 0.004154 seconds.
  path: Assets/Standard Assets/Effects/ImageEffects/Shaders/_DepthOfField/SeparableBlur.shader
  artifactKey: Guid(e97c14fbb5ea04c3a902cc533d7fc5d1) Importer(815301076,1909f56bfc062723c751e8b465ee728b)
Start importing Assets/Standard Assets/Effects/ImageEffects/Shaders/_DepthOfField/SeparableBlur.shader using Guid(e97c14fbb5ea04c3a902cc533d7fc5d1) Importer(815301076,1909f56bfc062723c751e8b465ee728b)  -> (artifact id: 'fec0b4eec5825083dc15399e555710bf') in 0.004745 seconds 
  Import took 0.006913 seconds .

========================================================================
Received Import Request.
  Time since last request: 0.024912 seconds.
  path: Assets/Standard Assets/Effects/ImageEffects/Scripts/ScreenSpaceAmbientOcclusion.cs
  artifactKey: Guid(b0923359e9e352a4b9b11c7b7161ad67) Importer(815301076,1909f56bfc062723c751e8b465ee728b)
Start importing Assets/Standard Assets/Effects/ImageEffects/Scripts/ScreenSpaceAmbientOcclusion.cs using Guid(b0923359e9e352a4b9b11c7b7161ad67) Importer(815301076,1909f56bfc062723c751e8b465ee728b)  -> (artifact id: 'd3ab5dca7f4dd887d274eb5a876ee33d') in 0.004566 seconds 
  Import took 0.006782 seconds .

========================================================================
Received Import Request.
  Time since last request: 0.013531 seconds.
  path: Assets/Standard Assets/Effects/ImageEffects/Scripts/ImageEffects.cs
  artifactKey: Guid(89a037199d11087f1100e2b844295342) Importer(815301076,1909f56bfc062723c751e8b465ee728b)
Start importing Assets/Standard Assets/Effects/ImageEffects/Scripts/ImageEffects.cs using Guid(89a037199d11087f1100e2b844295342) Importer(815301076,1909f56bfc062723c751e8b465ee728b)  -> (artifact id: 'c6a128e70df43cb23fb9410266de5ed2') in 0.003905 seconds 
  Import took 0.006064 seconds .

========================================================================
Received Import Request.
  Time since last request: 0.016462 seconds.
  path: Assets/Standard Assets/Effects/ImageEffects/Scripts/Vortex.cs
  artifactKey: Guid(a94b781cad112c75d0008dfa8d76c639) Importer(815301076,1909f56bfc062723c751e8b465ee728b)
Start importing Assets/Standard Assets/Effects/ImageEffects/Scripts/Vortex.cs using Guid(a94b781cad112c75d0008dfa8d76c639) Importer(815301076,1909f56bfc062723c751e8b465ee728b)  -> (artifact id: '76bb76aa378a92f6b7e6bbf4f2642eae') in 0.004350 seconds 
  Import took 0.006526 seconds .

========================================================================
Received Import Request.
  Time since last request: 0.048062 seconds.
  path: Assets/Standard Assets/Effects/ImageEffects/Scripts/Quads.cs
  artifactKey: Guid(a20852ce049f64e4695a48b6a354be83) Importer(815301076,1909f56bfc062723c751e8b465ee728b)
Start importing Assets/Standard Assets/Effects/ImageEffects/Scripts/Quads.cs using Guid(a20852ce049f64e4695a48b6a354be83) Importer(815301076,1909f56bfc062723c751e8b465ee728b)  -> (artifact id: '62d2548fad22b4a2df00be6cdb6bf9b4') in 0.004473 seconds 
  Import took 0.006774 seconds .

========================================================================
Received Import Request.
  Time since last request: 0.004341 seconds.
  path: Assets/Standard Assets/Effects/ImageEffects/Shaders/ChromaticAberrationShader.shader
  artifactKey: Guid(2b4f29398d9484ccfa9fd220449f5eee) Importer(815301076,1909f56bfc062723c751e8b465ee728b)
Start importing Assets/Standard Assets/Effects/ImageEffects/Shaders/ChromaticAberrationShader.shader using Guid(2b4f29398d9484ccfa9fd220449f5eee) Importer(815301076,1909f56bfc062723c751e8b465ee728b)  -> (artifact id: '9b78722c5ba125c98429e18db1af5e82') in 0.004514 seconds 
  Import took 0.006472 seconds .

========================================================================
Received Import Request.
  Time since last request: 0.015831 seconds.
  path: Assets/Standard Assets/Effects/ImageEffects/Shaders/ColorCorrectionCurves.shader
  artifactKey: Guid(62bcade1028c24ca1a39760ed84b9487) Importer(815301076,1909f56bfc062723c751e8b465ee728b)
Start importing Assets/Standard Assets/Effects/ImageEffects/Shaders/ColorCorrectionCurves.shader using Guid(62bcade1028c24ca1a39760ed84b9487) Importer(815301076,1909f56bfc062723c751e8b465ee728b)  -> (artifact id: 'f8e85ac66b74a131bf9be5efa3b0402b') in 0.001755 seconds 
  Import took 0.003827 seconds .

========================================================================
Received Import Request.
  Time since last request: 0.008522 seconds.
  path: Assets/Standard Assets/Effects/ImageEffects/Scripts/PostEffectsBase.cs
  artifactKey: Guid(b6f4318ec6c2bf643a0f9edfeeaba0ec) Importer(815301076,1909f56bfc062723c751e8b465ee728b)
Start importing Assets/Standard Assets/Effects/ImageEffects/Scripts/PostEffectsBase.cs using Guid(b6f4318ec6c2bf643a0f9edfeeaba0ec) Importer(815301076,1909f56bfc062723c751e8b465ee728b)  -> (artifact id: '879f7ffd48de56274ca9757c928e4179') in 0.004231 seconds 
  Import took 0.006333 seconds .

========================================================================
Received Import Request.
  Time since last request: 0.045764 seconds.
  path: Assets/Standard Assets/Effects/ImageEffects/Scripts/PostEffectsHelper.cs
  artifactKey: Guid(50b03df8f04b5c441aaac5b7fccb4734) Importer(815301076,1909f56bfc062723c751e8b465ee728b)
Start importing Assets/Standard Assets/Effects/ImageEffects/Scripts/PostEffectsHelper.cs using Guid(50b03df8f04b5c441aaac5b7fccb4734) Importer(815301076,1909f56bfc062723c751e8b465ee728b)  -> (artifact id: '89de348f45b4c891b2ff77f3ac7a1a36') in 0.004648 seconds 
  Import took 0.006910 seconds .

========================================================================
Received Import Request.
  Time since last request: 0.004315 seconds.
  path: Assets/Standard Assets/Effects/ImageEffects/Shaders/BlendModesOverlay.shader
  artifactKey: Guid(8c81db0e527d24acc9bcec04e87781bd) Importer(815301076,1909f56bfc062723c751e8b465ee728b)
Start importing Assets/Standard Assets/Effects/ImageEffects/Shaders/BlendModesOverlay.shader using Guid(8c81db0e527d24acc9bcec04e87781bd) Importer(815301076,1909f56bfc062723c751e8b465ee728b)  -> (artifact id: '24e182f493fd60d55b0a94136d414d91') in 0.004689 seconds 
  Import took 0.006901 seconds .

========================================================================
Received Import Request.
  Time since last request: 0.012789 seconds.
  path: Assets/Standard Assets/Effects/ImageEffects/Shaders/ColorCorrection3DLut.shader
  artifactKey: Guid(b61f0d8d8244b4b28aa66b0c8cb46a8d) Importer(815301076,1909f56bfc062723c751e8b465ee728b)
Start importing Assets/Standard Assets/Effects/ImageEffects/Shaders/ColorCorrection3DLut.shader using Guid(b61f0d8d8244b4b28aa66b0c8cb46a8d) Importer(815301076,1909f56bfc062723c751e8b465ee728b)  -> (artifact id: 'c25f4ecf6fac949418c1a419a12c71e0') in 0.005033 seconds 
  Import took 0.007343 seconds .

========================================================================
Received Import Request.
  Time since last request: 0.004798 seconds.
  path: Assets/Scripts/GameUI.cs
  artifactKey: Guid(ef7369ce83d7544469934e10506071da) Importer(815301076,1909f56bfc062723c751e8b465ee728b)
Start importing Assets/Scripts/GameUI.cs using Guid(ef7369ce83d7544469934e10506071da) Importer(815301076,1909f56bfc062723c751e8b465ee728b)  -> (artifact id: '5c829a00c124fa26e7ad8b96920de9d4') in 0.004533 seconds 
  Import took 0.006790 seconds .

========================================================================
Received Import Request.
  Time since last request: 0.004606 seconds.
  path: Assets/Scripts/Menu.cs
  artifactKey: Guid(384a12bc8b74e8a4eae721ca4eb38301) Importer(815301076,1909f56bfc062723c751e8b465ee728b)
Start importing Assets/Scripts/Menu.cs using Guid(384a12bc8b74e8a4eae721ca4eb38301) Importer(815301076,1909f56bfc062723c751e8b465ee728b)  -> (artifact id: 'c3dbb94a829d448956b42160f480893e') in 0.004678 seconds 
  Import took 0.006660 seconds .

========================================================================
Received Import Request.
  Time since last request: 0.003959 seconds.
  path: Assets/Standard Assets/Effects/ImageEffects/Shaders/ColorCorrectionEffect.shader
  artifactKey: Guid(67f8781cad112c75d0008dfa8d76c639) Importer(815301076,1909f56bfc062723c751e8b465ee728b)
Start importing Assets/Standard Assets/Effects/ImageEffects/Shaders/ColorCorrectionEffect.shader using Guid(67f8781cad112c75d0008dfa8d76c639) Importer(815301076,1909f56bfc062723c751e8b465ee728b)  -> (artifact id: 'b7fdf5c034d96f1a4bbd491fdf666f26') in 0.004650 seconds 
  Import took 0.006613 seconds .

========================================================================
Received Import Request.
  Time since last request: 0.078000 seconds.
  path: Assets/Standard Assets/Effects/ImageEffects/Shaders/VortexEffect.shader
  artifactKey: Guid(708b781cad112c75d0008dfa8d76c639) Importer(815301076,1909f56bfc062723c751e8b465ee728b)
Start importing Assets/Standard Assets/Effects/ImageEffects/Shaders/VortexEffect.shader using Guid(708b781cad112c75d0008dfa8d76c639) Importer(815301076,1909f56bfc062723c751e8b465ee728b)  -> (artifact id: '00078193be55b8719a97b755c540e1c9') in 0.004766 seconds 
  Import took 0.007009 seconds .

========================================================================
Received Import Request.
  Time since last request: 0.013617 seconds.
  path: Assets/Standard Assets/Effects/ImageEffects/Scripts/Triangles.cs
  artifactKey: Guid(18b91636de2ba3445913e4cf38528dc8) Importer(815301076,1909f56bfc062723c751e8b465ee728b)
Start importing Assets/Standard Assets/Effects/ImageEffects/Scripts/Triangles.cs using Guid(18b91636de2ba3445913e4cf38528dc8) Importer(815301076,1909f56bfc062723c751e8b465ee728b)  -> (artifact id: '8fff8679e3ea9c57286e61e82edb65ce') in 0.004512 seconds 
  Import took 0.006818 seconds .

========================================================================
Received Import Request.
  Time since last request: 0.004444 seconds.
  path: Assets/Standard Assets/Effects/ImageEffects/Shaders/ColorCorrectionSelective.shader
  artifactKey: Guid(e515e0f94cefc4c0db54b45cba621544) Importer(815301076,1909f56bfc062723c751e8b465ee728b)
Start importing Assets/Standard Assets/Effects/ImageEffects/Shaders/ColorCorrectionSelective.shader using Guid(e515e0f94cefc4c0db54b45cba621544) Importer(815301076,1909f56bfc062723c751e8b465ee728b)  -> (artifact id: '31ac7759185bd936b7a4ad913da79f2f') in 0.005018 seconds 
  Import took 0.007160 seconds .

========================================================================
Received Import Request.
  Time since last request: 0.027813 seconds.
  path: Assets/Scripts/ScoreKeeper.cs
  artifactKey: Guid(8190bd87ea5914c459cdae3468bd3bd0) Importer(815301076,1909f56bfc062723c751e8b465ee728b)
Start importing Assets/Scripts/ScoreKeeper.cs using Guid(8190bd87ea5914c459cdae3468bd3bd0) Importer(815301076,1909f56bfc062723c751e8b465ee728b)  -> (artifact id: '7daedb93a2530636d3f98a8ec5870bd4') in 0.004534 seconds 
  Import took 0.006773 seconds .

========================================================================
Received Import Request.
  Time since last request: 0.012577 seconds.
  path: Assets/Standard Assets/Effects/ImageEffects/Shaders/ColorCorrectionCurvesSimple.shader
  artifactKey: Guid(438ddd58d82c84d9eb1fdc56111702e1) Importer(815301076,1909f56bfc062723c751e8b465ee728b)
Start importing Assets/Standard Assets/Effects/ImageEffects/Shaders/ColorCorrectionCurvesSimple.shader using Guid(438ddd58d82c84d9eb1fdc56111702e1) Importer(815301076,1909f56bfc062723c751e8b465ee728b)  -> (artifact id: '1a19f8a483ad5c8234519f74c0918327') in 0.004784 seconds 
  Import took 0.006868 seconds .

AssetImportWorkerClient::OnTransportError - code=2 error=End of file
